[      79ms] [ERROR] Failed to load resource: the server responded with a status of 404 (File not found) @ http://localhost:8765/IMG_7595.jpg:0
[      79ms] [ERROR] Failed to load resource: the server responded with a status of 404 (File not found) @ http://localhost:8765/insta.png:0
[      81ms] [ERROR] Failed to load resource: the server responded with a status of 404 (File not found) @ http://localhost:8765/youtube.png:0
[      81ms] [ERROR] Failed to load resource: the server responded with a status of 404 (File not found) @ http://localhost:8765/blog.png:0
[     127ms] [ERROR] Failed to load resource: the server responded with a status of 404 (File not found) @ http://localhost:8765/insta.png:0
[     127ms] [ERROR] Failed to load resource: the server responded with a status of 404 (File not found) @ http://localhost:8765/youtube.png:0
[     128ms] [ERROR] Failed to load resource: the server responded with a status of 404 (File not found) @ http://localhost:8765/IMG_7595.jpg:0
[     224ms] [ERROR] Failed to load resource: the server responded with a status of 404 (File not found) @ http://localhost:8765/api/prices/tokyo?directOnly=false:0
[     224ms] [WARNING] TripSignal tokyo 로드 실패 (기본값 유지): Error: HTTP 404
    at loadCityBudget (http://localhost:8765/mockup.html:4948:40) @ http://localhost:8765/mockup.html:5004
[     224ms] [ERROR] Failed to load resource: the server responded with a status of 404 (File not found) @ http://localhost:8765/api/prices/bangkok?directOnly=false:0
[     224ms] [WARNING] TripSignal bangkok 로드 실패 (기본값 유지): Error: HTTP 404
    at loadCityBudget (http://localhost:8765/mockup.html:4948:40) @ http://localhost:8765/mockup.html:5004
[     224ms] [ERROR] Failed to load resource: the server responded with a status of 404 (File not found) @ http://localhost:8765/api/prices/osaka?directOnly=false:0
[     224ms] [WARNING] TripSignal osaka 로드 실패 (기본값 유지): Error: HTTP 404
    at loadCityBudget (http://localhost:8765/mockup.html:4948:40) @ http://localhost:8765/mockup.html:5004
[     224ms] [ERROR] Failed to load resource: the server responded with a status of 404 (File not found) @ http://localhost:8765/api/prices/taipei?directOnly=false:0
[     224ms] [WARNING] TripSignal taipei 로드 실패 (기본값 유지): Error: HTTP 404
    at loadCityBudget (http://localhost:8765/mockup.html:4948:40) @ http://localhost:8765/mockup.html:5004
[     235ms] [ERROR] Failed to load resource: the server responded with a status of 404 (File not found) @ http://localhost:8765/IMG_7595.jpg:0
[   36195ms] [ERROR] Failed to load resource: the server responded with a status of 404 (File not found) @ http://localhost:8765/IMG_7595.jpg:0
[   36198ms] [ERROR] Failed to load resource: the server responded with a status of 404 (File not found) @ http://localhost:8765/insta.png:0
[   36219ms] [ERROR] Failed to load resource: the server responded with a status of 404 (File not found) @ http://localhost:8765/youtube.png:0
[   36219ms] [ERROR] Failed to load resource: the server responded with a status of 404 (File not found) @ http://localhost:8765/blog.png:0
[   36219ms] [ERROR] Failed to load resource: the server responded with a status of 404 (File not found) @ http://localhost:8765/insta.png:0
[   36219ms] [ERROR] Failed to load resource: the server responded with a status of 404 (File not found) @ http://localhost:8765/IMG_7595.jpg:0
[   36326ms] [ERROR] Failed to load resource: the server responded with a status of 404 (File not found) @ http://localhost:8765/api/prices/osaka?directOnly=false:0
[   36326ms] [WARNING] TripSignal osaka 로드 실패 (기본값 유지): Error: HTTP 404
    at loadCityBudget (http://localhost:8765/mockup.html:4949:40) @ http://localhost:8765/mockup.html:5005
[   36327ms] [ERROR] Failed to load resource: the server responded with a status of 404 (File not found) @ http://localhost:8765/api/prices/tokyo?directOnly=false:0
[   36327ms] [WARNING] TripSignal tokyo 로드 실패 (기본값 유지): Error: HTTP 404
    at loadCityBudget (http://localhost:8765/mockup.html:4949:40) @ http://localhost:8765/mockup.html:5005
[   36327ms] [ERROR] Failed to load resource: the server responded with a status of 404 (File not found) @ http://localhost:8765/api/prices/bangkok?directOnly=false:0
[   36327ms] [WARNING] TripSignal bangkok 로드 실패 (기본값 유지): Error: HTTP 404
    at loadCityBudget (http://localhost:8765/mockup.html:4949:40) @ http://localhost:8765/mockup.html:5005
[   36327ms] [ERROR] Failed to load resource: the server responded with a status of 404 (File not found) @ http://localhost:8765/api/prices/taipei?directOnly=false:0
[   36327ms] [WARNING] TripSignal taipei 로드 실패 (기본값 유지): Error: HTTP 404
    at loadCityBudget (http://localhost:8765/mockup.html:4949:40) @ http://localhost:8765/mockup.html:5005
[   36329ms] [ERROR] Failed to load resource: the server responded with a status of 404 (File not found) @ http://localhost:8765/IMG_7595.jpg:0
