[    1472ms] [ERROR] Failed to load resource: the server responded with a status of 429 () @ https://o249654.ingest.us.sentry.io/api/4508215148609536/envelope/?sentry_key=f7811d4b584bcbe6a580d37882587952&sentry_version=7&sentry_client=sentry.javascript.nextjs%2F7.102.1:0
[    7830ms] [WARNING] The resource https://dffoxz5he03rp.cloudfront.net/dynamic-list-build/f86cce8cf933eddc327369abe912f83dc35741e1/_next/static/media/775c6667d99f77e1-s.p.woff2 was preloaded using link preload but not used within a few seconds from the window's load event. Please make sure it has an appropriate `as` value and it is preloaded intentionally. @ https://www.myrealtrip.com/search?keyword=%EB%A1%9C%EB%A7%88&type=experience:0
[    7830ms] [WARNING] The resource https://dffoxz5he03rp.cloudfront.net/dynamic-list-build/f86cce8cf933eddc327369abe912f83dc35741e1/_next/static/media/e9955780856cf8aa-s.p.woff2 was preloaded using link preload but not used within a few seconds from the window's load event. Please make sure it has an appropriate `as` value and it is preloaded intentionally. @ https://www.myrealtrip.com/search?keyword=%EB%A1%9C%EB%A7%88&type=experience:0
[    7830ms] [WARNING] The resource https://dffoxz5he03rp.cloudfront.net/dynamic-list-build/f86cce8cf933eddc327369abe912f83dc35741e1/_next/static/media/08393bc5e9b3ebc7-s.p.woff2 was preloaded using link preload but not used within a few seconds from the window's load event. Please make sure it has an appropriate `as` value and it is preloaded intentionally. @ https://www.myrealtrip.com/search?keyword=%EB%A1%9C%EB%A7%88&type=experience:0
[    7830ms] [WARNING] The resource https://dffoxz5he03rp.cloudfront.net/dynamic-list-build/f86cce8cf933eddc327369abe912f83dc35741e1/_next/static/media/ad5d93cd54532577-s.p.woff2 was preloaded using link preload but not used within a few seconds from the window's load event. Please make sure it has an appropriate `as` value and it is preloaded intentionally. @ https://www.myrealtrip.com/search?keyword=%EB%A1%9C%EB%A7%88&type=experience:0
[    9850ms] [ERROR] Error: appboy not initialized
    at braze_getInstance (https://dffoxz5he03rp.cloudfront.net/dynamic-list-build/f86cce8cf933eddc327369abe912f83dc35741e1/_next/static/chunks/pages/_app-797820e668513364.js:16614:380837)
    at braze_logBrazeEvent (https://dffoxz5he03rp.cloudfront.net/dynamic-list-build/f86cce8cf933eddc327369abe912f83dc35741e1/_next/static/chunks/pages/_app-797820e668513364.js:16614:380949)
    at sendLog (https://dffoxz5he03rp.cloudfront.net/dynamic-list-build/f86cce8cf933eddc327369abe912f83dc35741e1/_next/static/chunks/pages/_app-797820e668513364.js:16614:275982)
    at handleSearch (https://dffoxz5he03rp.cloudfront.net/dynamic-list-build/f86cce8cf933eddc327369abe912f83dc35741e1/_next/static/chunks/pages/_app-797820e668513364.js:16614:276714)
    at handlePressKeyboard (https://dffoxz5he03rp.cloudfront.net/dynamic-list-build/f86cce8cf933eddc327369abe912f83dc35741e1/_next/static/chunks/pages/_app-797820e668513364.js:16614:276899)
    at onKeyDown (https://dffoxz5he03rp.cloudfront.net/dynamic-list-build/f86cce8cf933eddc327369abe912f83dc35741e1/_next/static/chunks/pages/_app-797820e668513364.js:16614:90693)
    at Object.Nb (https://dffoxz5he03rp.cloudfront.net/dynamic-list-build/f86cce8cf933eddc327369abe912f83dc35741e1/_next/static/chunks/framework.d294ff69806f46c5.js:9:14967)
    at Tb (https://dffoxz5he03rp.cloudfront.net/dynamic-list-build/f86cce8cf933eddc327369abe912f83dc35741e1/_next/static/chunks/framework.d294ff69806f46c5.js:9:15121)
    at https://dffoxz5he03rp.cloudfront.net/dynamic-list-build/f86cce8cf933eddc327369abe912f83dc35741e1/_next/static/chunks/framework.d294ff69806f46c5.js:9:33457
    at nf (https://dffoxz5he03rp.cloudfront.net/dynamic-list-build/f86cce8cf933eddc327369abe912f83dc35741e1/_next/static/chunks/framework.d294ff69806f46c5.js:9:33556)
    at se (https://dffoxz5he03rp.cloudfront.net/dynamic-list-build/f86cce8cf933eddc327369abe912f83dc35741e1/_next/static/chunks/framework.d294ff69806f46c5.js:9:33970)
    at https://dffoxz5he03rp.cloudfront.net/dynamic-list-build/f86cce8cf933eddc327369abe912f83dc35741e1/_next/static/chunks/framework.d294ff69806f46c5.js:9:39425
    at Rk (https://dffoxz5he03rp.cloudfront.net/dynamic-list-build/f86cce8cf933eddc327369abe912f83dc35741e1/_next/static/chunks/framework.d294ff69806f46c5.js:9:96369)
    at Jb (https://dffoxz5he03rp.cloudfront.net/dynamic-list-build/f86cce8cf933eddc327369abe912f83dc35741e1/_next/static/chunks/framework.d294ff69806f46c5.js:9:14105)
    at hd (https://dffoxz5he03rp.cloudfront.net/dynamic-list-build/f86cce8cf933eddc327369abe912f83dc35741e1/_next/static/chunks/framework.d294ff69806f46c5.js:9:35260)
    at fd (https://dffoxz5he03rp.cloudfront.net/dynamic-list-build/f86cce8cf933eddc327369abe912f83dc35741e1/_next/static/chunks/framework.d294ff69806f46c5.js:9:20902)
    at ed (https://dffoxz5he03rp.cloudfront.net/dynamic-list-build/f86cce8cf933eddc327369abe912f83dc35741e1/_next/static/chunks/framework.d294ff69806f46c5.js:9:20686)
    at HTMLDivElement.sentryWrapped (https://dffoxz5he03rp.cloudfront.net/dynamic-list-build/f86cce8cf933eddc327369abe912f83dc35741e1/_next/static/chunks/pages/_app-797820e668513364.js:8340:16956) @ https://dffoxz5he03rp.cloudfront.net/dynamic-list-build/f86cce8cf933eddc327369abe912f83dc35741e1/_next/static/chunks/pages/_app-797820e668513364.js:8339
