[    1361ms] [ERROR] Failed to load resource: the server responded with a status of 500 () @ https://www.myrealtrip.com/offers/134597?utm_source=mktpartner&mylink_id=335146:0
[    1363ms] [WARNING] The key "target-densitydpi" is not supported. @ https://www.myrealtrip.com/offers/134597?utm_source=mktpartner&mylink_id=335146:5
[   75699ms] [WARNING] Tab scroll failed: selectedTabElement not found @ https://dffoxz5he03rp.cloudfront.net/main-build/37f2d6d8d5160855f1906a5b591119dd3c051485/_next/static/chunks/pages/_app-9a49736e29781cf1.js:8339
[   78586ms] [ERROR] Failed to load resource: the server responded with a status of 429 () @ https://o249654.ingest.us.sentry.io/api/4509320389394432/envelope/?sentry_key=a591a199589fcbf52039831040ab2905&sentry_version=7&sentry_client=sentry.javascript.nextjs%2F7.102.1:0
[   80619ms] [LOG] ko 50 @ https://d2yoing0loi5gh.cloudfront.net/assets/kitty/ko-3689a3597975099a491fe1bc8d5baa2991b4bab88109a04b99b972d6f63e90c5.js:1
[   80885ms] [WARNING] Google Maps JavaScript API has been loaded directly without loading=async. This can result in suboptimal performance. For best-practice loading patterns please see https://goo.gle/js-api-loading @ https://dffoxz5he03rp.cloudfront.net/build/production/a56b55a27577b0789e0cdf61b856cef5898625b4/vendor.js:8589
[   80894ms] [LOG]   
                                              _   _            _     
                                         //  | | | |          (_)     
    _ __ ___    _   _   _ __    ___    __ _  | | | |_   _ __   _   _ __     
   | '_ ` _ \  | | | | | '__|  / _ \  / _` | | | | __| | '__| | | | '_ \     
   | | | | | | | |_| | | |    |  __/ | (_| | | | | |_  | |    | | | |_) |     
   |_| |_| |_|  \__, | |_|     \___|  \__,_| |_|  \__| |_|    |_| | .__/     
                 __/ |                                            | |     
                |___/           //                                |_|     
  
  
  	%cWe're hiring!🦄  %cJoin %cOur %cTeam!🍕🍺 https://career.myrealtrip.com/ color:#51abf3;font-size:11px; color:#f53e05;font-size:11px; color:#ffaa00;font-size:11px; color:#2eb82e;font-size:11px; @ https://dffoxz5he03rp.cloudfront.net/build/production/a56b55a27577b0789e0cdf61b856cef5898625b4/vendor.js:8589
[   82621ms] [WARNING] <meta name="apple-mobile-web-app-capable" content="yes"> is deprecated. Please include <meta name="mobile-web-app-capable" content="yes"> @ https://www.myrealtrip.com/search-bridge?q=%EB%8F%84%EC%BF%84%20%EB%94%94%EC%A6%88%EB%8B%88%EB%9E%9C%EB%93%9C:0
[   88741ms] [ERROR] Failed to load resource: the server responded with a status of 429 () @ https://o249654.ingest.us.sentry.io/api/4506987636981760/envelope/?sentry_key=3226d757c9e3fec3e9ed29b0c5d95b73&sentry_version=7&sentry_client=sentry.javascript.nextjs%2F7.42.0:0
[  124443ms] [WARNING] Failed to execute 'postMessage' on 'DOMWindow': The target origin provided ('https://www.google.com') does not match the recipient window's origin ('https://experiences.myrealtrip.com'). @ https://www.googletagmanager.com/gtag/js?id=AW-1004447359:777
[  124443ms] [WARNING] Failed to execute 'postMessage' on 'DOMWindow': The target origin provided ('https://www.youtube.com') does not match the recipient window's origin ('https://experiences.myrealtrip.com'). @ https://www.googletagmanager.com/gtag/js?id=AW-1004447359:777
[  124443ms] [WARNING] Failed to execute 'postMessage' on 'DOMWindow': The target origin provided ('https://m.youtube.com') does not match the recipient window's origin ('https://experiences.myrealtrip.com'). @ https://www.googletagmanager.com/gtag/js?id=AW-1004447359:777
[  134806ms] [WARNING] Failed to execute 'postMessage' on 'DOMWindow': The target origin provided ('https://www.google.com') does not match the recipient window's origin ('https://experiences.myrealtrip.com'). @ https://www.googletagmanager.com/gtag/js?id=AW-804087520:777
[  134806ms] [WARNING] Failed to execute 'postMessage' on 'DOMWindow': The target origin provided ('https://www.youtube.com') does not match the recipient window's origin ('https://experiences.myrealtrip.com'). @ https://www.googletagmanager.com/gtag/js?id=AW-804087520:777
[  134806ms] [WARNING] Failed to execute 'postMessage' on 'DOMWindow': The target origin provided ('https://m.youtube.com') does not match the recipient window's origin ('https://experiences.myrealtrip.com'). @ https://www.googletagmanager.com/gtag/js?id=AW-804087520:777
[  139961ms] [WARNING] Failed to execute 'postMessage' on 'DOMWindow': The target origin provided ('https://www.google.com') does not match the recipient window's origin ('https://experiences.myrealtrip.com'). @ https://www.googletagmanager.com/gtag/js?id=AW-1004447359:777
[  139961ms] [WARNING] Failed to execute 'postMessage' on 'DOMWindow': The target origin provided ('https://www.youtube.com') does not match the recipient window's origin ('https://experiences.myrealtrip.com'). @ https://www.googletagmanager.com/gtag/js?id=AW-1004447359:777
[  139961ms] [WARNING] Failed to execute 'postMessage' on 'DOMWindow': The target origin provided ('https://m.youtube.com') does not match the recipient window's origin ('https://experiences.myrealtrip.com'). @ https://www.googletagmanager.com/gtag/js?id=AW-1004447359:777
[  145162ms] [WARNING] Failed to execute 'postMessage' on 'DOMWindow': The target origin provided ('https://www.google.com') does not match the recipient window's origin ('https://experiences.myrealtrip.com'). @ https://www.googletagmanager.com/gtag/js?id=AW-1004447359:777
[  145162ms] [WARNING] Failed to execute 'postMessage' on 'DOMWindow': The target origin provided ('https://www.youtube.com') does not match the recipient window's origin ('https://experiences.myrealtrip.com'). @ https://www.googletagmanager.com/gtag/js?id=AW-1004447359:777
[  145162ms] [WARNING] Failed to execute 'postMessage' on 'DOMWindow': The target origin provided ('https://m.youtube.com') does not match the recipient window's origin ('https://experiences.myrealtrip.com'). @ https://www.googletagmanager.com/gtag/js?id=AW-1004447359:777
[  150481ms] [WARNING] Failed to execute 'postMessage' on 'DOMWindow': The target origin provided ('https://www.google.com') does not match the recipient window's origin ('https://experiences.myrealtrip.com'). @ https://www.googletagmanager.com/gtag/js?id=AW-1004447359:777
[  150481ms] [WARNING] Failed to execute 'postMessage' on 'DOMWindow': The target origin provided ('https://www.youtube.com') does not match the recipient window's origin ('https://experiences.myrealtrip.com'). @ https://www.googletagmanager.com/gtag/js?id=AW-1004447359:777
[  150481ms] [WARNING] Failed to execute 'postMessage' on 'DOMWindow': The target origin provided ('https://m.youtube.com') does not match the recipient window's origin ('https://experiences.myrealtrip.com'). @ https://www.googletagmanager.com/gtag/js?id=AW-1004447359:777
[  157364ms] [WARNING] Failed to execute 'postMessage' on 'DOMWindow': The target origin provided ('https://www.google.com') does not match the recipient window's origin ('https://experiences.myrealtrip.com'). @ https://www.googletagmanager.com/gtag/js?id=AW-1004447359:777
[  157364ms] [WARNING] Failed to execute 'postMessage' on 'DOMWindow': The target origin provided ('https://www.youtube.com') does not match the recipient window's origin ('https://experiences.myrealtrip.com'). @ https://www.googletagmanager.com/gtag/js?id=AW-1004447359:777
[  157364ms] [WARNING] Failed to execute 'postMessage' on 'DOMWindow': The target origin provided ('https://m.youtube.com') does not match the recipient window's origin ('https://experiences.myrealtrip.com'). @ https://www.googletagmanager.com/gtag/js?id=AW-1004447359:777
[  169353ms] [WARNING] Failed to execute 'postMessage' on 'DOMWindow': The target origin provided ('https://www.google.com') does not match the recipient window's origin ('https://experiences.myrealtrip.com'). @ https://www.googletagmanager.com/gtag/js?id=AW-1004447359:777
[  169353ms] [WARNING] Failed to execute 'postMessage' on 'DOMWindow': The target origin provided ('https://www.youtube.com') does not match the recipient window's origin ('https://experiences.myrealtrip.com'). @ https://www.googletagmanager.com/gtag/js?id=AW-1004447359:777
[  169353ms] [WARNING] Failed to execute 'postMessage' on 'DOMWindow': The target origin provided ('https://m.youtube.com') does not match the recipient window's origin ('https://experiences.myrealtrip.com'). @ https://www.googletagmanager.com/gtag/js?id=AW-1004447359:777
[  176195ms] [WARNING] Failed to execute 'postMessage' on 'DOMWindow': The target origin provided ('https://www.google.com') does not match the recipient window's origin ('https://experiences.myrealtrip.com'). @ https://www.googletagmanager.com/gtag/js?id=AW-1004447359:777
[  176195ms] [WARNING] Failed to execute 'postMessage' on 'DOMWindow': The target origin provided ('https://www.youtube.com') does not match the recipient window's origin ('https://experiences.myrealtrip.com'). @ https://www.googletagmanager.com/gtag/js?id=AW-1004447359:777
[  176195ms] [WARNING] Failed to execute 'postMessage' on 'DOMWindow': The target origin provided ('https://m.youtube.com') does not match the recipient window's origin ('https://experiences.myrealtrip.com'). @ https://www.googletagmanager.com/gtag/js?id=AW-1004447359:777
