[     919ms] [INFO] Resource Sentinel initialized... @ https://www.notion.so/25b2512dcba9808daab5ce7768217065:0
[    1067ms] [INFO] 2026-04-28T15:55:34.983Z [info] FeatureFlagTransactionQueue: preferIndexedDB {team: no-team-specified} @ https://www.notion.so/_assets/app-625e76f73ddd08e8.js:6
[    1233ms] [WARNING] Ignoring inability to install OPFS sqlite3_vfs: Cannot install OPFS: Missing SharedArrayBuffer and/or Atomics. The server must emit the COOP/COEP response headers to enable those. See https://sqlite.org/wasm/doc/trunk/persistence.md#coop-coep @ https://www.notion.so/_assets/wasm-sqlite-worker-b91554d85c282e91.js:0
[    1267ms] [INFO] 2026-04-28T15:55:35.184Z [info] PageLoader: loserAborted {data: Object} @ https://www.notion.so/_assets/app-625e76f73ddd08e8.js:6
[    1289ms] [INFO] 2026-04-28T15:55:35.206Z [info] sqliteSchemaHelpers: attemptFastForwardMigration {data: Object} @ https://www.notion.so/_assets/app-625e76f73ddd08e8.js:6
[    1302ms] [INFO] 2026-04-28T15:55:35.218Z [info] sqliteSchemaHelpers: successfulFastForwardMigration {data: Object} @ https://www.notion.so/_assets/app-625e76f73ddd08e8.js:6
[    1357ms] [INFO] 2026-04-28T15:55:35.273Z [info] appHelpers: shouldShowError {data: Object} @ https://www.notion.so/_assets/app-625e76f73ddd08e8.js:6
[    1360ms] [INFO] 2026-04-28T15:55:35.277Z [info] appHelpers: shouldShowError {data: Object} @ https://www.notion.so/_assets/app-625e76f73ddd08e8.js:6
[    1369ms] [LOG] %c
	nnnnnnnnnnnnnnnnnnnnnnnnnnnnnn
	nnnn                         nnnn
	nnnnnnn                          nnnn
	nnnnnnnnnnnnnnnnnnnnnnnnnnnnnnnnnnnnnn
	nnnnnnnnnnnnnnnnnnnnnnnnnnnnnnnnnnnnnn
	nnnnnnnn                           nnn
	nnnnnnnn    nnnnnnnn     nnnnnnn   nnn
	nnnnnnnn      nnnnnnn      nnn     nnn
	nnnnnnnn      nnnnnnnn     nnn     nnn
	nnnnnnnn      nnnnnnnnnn   nnn     nnn
	nnnnnnnn      nnn nnnnnnn  nnn     nnn
	nnnnnnnn      nnn  nnnnnnnnnnn     nnn
	nnnnnnnn      nnn   nnnnnnnnnn     nnn
	nnnnnnnn      nnn     nnnnnnnn     nnn
	nnnnnnnn      nnn      nnnnnnn     nnn
	nnnnnnnn    nnnnnnnn    nnnnnn     nnn
	  nnnnnn                           nnn
		nnnnnnnnnnnnnnnnnnnnnnnnnnnnnnnnnn		We're hiring!
		  nnnnnnnnnnnnnnnnnnnnnnnnnnnnnnnn		notion.so/careers

	“yeah, I would probably eat a lemon for one hundred dollars” -- Ivan Zhao (2023-07-14)
				  font-family: monospace @ https://www.notion.so/_assets/mainApp-50137abc0dc8810c.js:76
[    1518ms] [INFO] 2026-04-28T15:55:35.434Z [info] syncRecordValuesBatched: recordPointerMissingSpaceId {actor: Object, data: Object} @ https://www.notion.so/_assets/app-625e76f73ddd08e8.js:6
[    1583ms] [WARNING] Amplitude Logger [Warn]: Event not tracked, no destination plugins on the instance @ https://www.notion.so/_assets/transport-support-49d6a98cbf389fa8.js:0
[    1583ms] [INFO] 2026-04-28T15:55:35.500Z [error] eventTrailApiHelpers: trackFailure {error: Object} @ https://www.notion.so/_assets/app-625e76f73ddd08e8.js:6
[    1586ms] [INFO] 2026-04-28T15:55:35.502Z [error] handleRestrictedStateForResponse: callApi {data: Object} @ https://www.notion.so/_assets/app-625e76f73ddd08e8.js:6
[    1701ms] [INFO] 2026-04-28T15:55:35.617Z [info] appHelpers: shouldShowError {data: Object} @ https://www.notion.so/_assets/app-625e76f73ddd08e8.js:6
[    1738ms] [INFO] 2026-04-28T15:55:35.654Z [info] pageError: pageError {data: Object} @ https://www.notion.so/_assets/app-625e76f73ddd08e8.js:6
[    1739ms] [INFO] 2026-04-28T15:55:35.656Z [info] appHelpers: shouldShowError {data: Object} @ https://www.notion.so/_assets/app-625e76f73ddd08e8.js:6
[    1937ms] [ERROR] Failed to load resource: the server responded with a status of 401 () @ https://www.notion.so/api/v3/recordPageExit:0
[    2022ms] [INFO] 2026-04-28T15:55:35.939Z [error] handleRestrictedStateForResponse: callApi {data: Object} @ https://www.notion.so/_assets/76406-6b42df3763f56eeb.js:472
[    2043ms] [WARNING] [GSI_LOGGER]: Your client application uses one of the Google One Tap prompt UI status methods that may stop functioning when FedCM becomes mandatory. Refer to the migration guide to update your code accordingly and opt-in to FedCM to test your changes. Learn more: https://developers.google.com/identity/gsi/web/guides/fedcm-migration?s=dc#display_moment and https://developers.google.com/identity/gsi/web/guides/fedcm-migration?s=dc#skipped_moment @ https://www.notion.so/_assets/76406-6b42df3763f56eeb.js:472
[    2048ms] [ERROR] Not signed in with the identity provider. @ https://www.notion.so/25b2512dcba9808daab5ce7768217065:0
[    2064ms] [ERROR] HttpRequestError: Received HTTP 401
    at u (https://www.notion.so/_assets/ClientFramework-8e8bc6f0d19147af.js:7:32407)
    at async m (https://www.notion.so/_assets/ClientFramework-8e8bc6f0d19147af.js:7:34255)
    at async r (https://www.notion.so/_assets/app-625e76f73ddd08e8.js:1:159)
    at async l (https://www.notion.so/_assets/61315-61c21a3c9178b323.js:1:5814) @ https://www.notion.so/_assets/76406-6b42df3763f56eeb.js:472
[    2064ms] [INFO] 2026-04-28T15:55:35.981Z [error] api: httpTrigger401 {data: Object} @ https://www.notion.so/_assets/76406-6b42df3763f56eeb.js:472
[    2919ms] [ERROR] Failed to load resource: the server responded with a status of 403 () @ https://cdn.metadata.io/pixel/config/1127.json:0
[    3842ms] [INFO] 2026-04-28T15:55:37.759Z [error] handleRestrictedStateForResponse: callApi {data: Object} @ https://www.notion.so/_assets/76406-6b42df3763f56eeb.js:472
[    4993ms] [ERROR] [GSI_LOGGER]: FedCM get() rejects with NetworkError: Error retrieving a token. @ https://www.notion.so/_assets/76406-6b42df3763f56eeb.js:472
[36604233ms] [ERROR] Cross-Origin-Opener-Policy policy would block the window.closed call. @ https://www.notion.so/_assets/61315-61c21a3c9178b323.js:203
[36604233ms] [ERROR] Cross-Origin-Opener-Policy policy would block the window.closed call. @ https://www.notion.so/_assets/61315-61c21a3c9178b323.js:203
[36629431ms] [ERROR] Cross-Origin-Opener-Policy policy would block the window.closed call. @ https://www.notion.so/_assets/61315-61c21a3c9178b323.js:203
[36629431ms] [ERROR] Cross-Origin-Opener-Policy policy would block the window.closed call. @ https://www.notion.so/_assets/61315-61c21a3c9178b323.js:203
[36629826ms] [ERROR] Cross-Origin-Opener-Policy policy would block the window.close call. @ https://www.notion.so/_assets/61315-61c21a3c9178b323.js:203
[36629826ms] [ERROR] Cross-Origin-Opener-Policy policy would block the window.close call. @ https://www.notion.so/_assets/61315-61c21a3c9178b323.js:203
[36629838ms] [INFO] 2026-04-29T02:06:03.754Z [info] handleGoogleAuthRedirect: googleAuthRedirect {data: Object} @ https://www.notion.so/_assets/76406-6b42df3763f56eeb.js:472
[36629842ms] [INFO] 2026-04-29T02:06:03.758Z [info] appHelpers: shouldShowError {data: Object} @ https://www.notion.so/_assets/76406-6b42df3763f56eeb.js:472
[36631488ms] [INFO] 2026-04-29T02:06:05.404Z [error] main: ClientError {error: Object} @ https://www.notion.so/_assets/76406-6b42df3763f56eeb.js:472
[36631495ms] Error: Failed to load a required record: user_root, 1086f7b9-1cda-4934-a697-fcb9f94e657a, undefined.
    at Object.loadRecordModel [as loadFn] (https://www.notion.so/_assets/61315-61c21a3c9178b323.js:5:61801)
    at async https://www.notion.so/_assets/61315-61c21a3c9178b323.js:205:97468
    at async Promise.all (index 0)
    at async o (https://www.notion.so/_assets/61315-61c21a3c9178b323.js:205:97409)
    at async i (https://www.notion.so/_assets/61315-61c21a3c9178b323.js:205:97020)
    at async Object.s (https://www.notion.so/_assets/61315-61c21a3c9178b323.js:205:98181)
    at async Object.i (https://www.notion.so/_assets/61315-61c21a3c9178b323.js:5:61375)
    at async h (https://www.notion.so/_assets/61315-61c21a3c9178b323.js:84:102801)
    at async i.measureErrors (https://www.notion.so/_assets/61315-61c21a3c9178b323.js:204:1098530)
    at async g (https://www.notion.so/_assets/61315-61c21a3c9178b323.js:84:100896)
[36631696ms] [ERROR] Attestation check for Attribution Reporting on https://www.facebook.com failed. @ https://www.notion.so/:0
[36631990ms] [INFO] 2026-04-29T02:06:05.907Z [error] UserActorMembership: NecessaryRecordWasNotProvided {error: Object, data: Object} @ https://www.notion.so/_assets/76406-6b42df3763f56eeb.js:472
[36632273ms] [INFO] 2026-04-29T02:06:06.189Z [error] UserActorMembership: NecessaryRecordWasNotProvided {error: Object, data: Object} @ https://www.notion.so/_assets/76406-6b42df3763f56eeb.js:472
[36632277ms] [INFO] 2026-04-29T02:06:06.194Z [error] ActorMemberships: MissingActorMembership {error: Object, data: Object} @ https://www.notion.so/_assets/76406-6b42df3763f56eeb.js:472
[36632410ms] [INFO] 2026-04-29T02:06:06.327Z [error] UserActorMembership: NecessaryRecordWasNotProvided {error: Object, data: Object} @ https://www.notion.so/_assets/76406-6b42df3763f56eeb.js:472
[36632411ms] [INFO] 2026-04-29T02:06:06.327Z [error] ActorMemberships: MissingActorMembership {error: Object, data: Object} @ https://www.notion.so/_assets/76406-6b42df3763f56eeb.js:472
[36632696ms] [INFO] 2026-04-29T02:06:06.612Z [info] PageLoader: loserAborted {data: Object} @ https://www.notion.so/_assets/76406-6b42df3763f56eeb.js:472
[36632979ms] [ERROR] Failed to load resource: the server responded with a status of 403 () @ https://www.notion.so/api/v3/getInferenceTranscriptsUnreadCount:0
[36632996ms] [ERROR] HttpRequestError: Received HTTP 403
    at u (https://www.notion.so/_assets/ClientFramework-8e8bc6f0d19147af.js:7:32407)
    at async m (https://www.notion.so/_assets/ClientFramework-8e8bc6f0d19147af.js:7:34255)
    at async r (https://www.notion.so/_assets/app-625e76f73ddd08e8.js:1:159)
    at async l (https://www.notion.so/_assets/61315-61c21a3c9178b323.js:1:5814)
    at async n (https://www.notion.so/_assets/61315-61c21a3c9178b323.js:1:1467)
    at async r (https://www.notion.so/_assets/24302-057f312893c05c30.js:1:305) @ https://www.notion.so/_assets/76406-6b42df3763f56eeb.js:472
[36633223ms] [ERROR] Failed to load resource: the server responded with a status of 403 () @ https://www.notion.so/api/v3/getInferenceTranscriptsUnreadCount:0
[36633228ms] [ERROR] Failed to load resource: the server responded with a status of 400 () @ https://www.notion.so/api/v3/getPageVisitors:0
[36633245ms] [ERROR] HttpRequestError: Received HTTP 403
    at u (https://www.notion.so/_assets/ClientFramework-8e8bc6f0d19147af.js:7:32407)
    at async m (https://www.notion.so/_assets/ClientFramework-8e8bc6f0d19147af.js:7:34255)
    at async r (https://www.notion.so/_assets/app-625e76f73ddd08e8.js:1:159)
    at async l (https://www.notion.so/_assets/61315-61c21a3c9178b323.js:1:5814)
    at async n (https://www.notion.so/_assets/61315-61c21a3c9178b323.js:1:1467)
    at async r (https://www.notion.so/_assets/24302-057f312893c05c30.js:1:305) @ https://www.notion.so/_assets/76406-6b42df3763f56eeb.js:472
[36633247ms] [ERROR] HttpRequestError: Received HTTP 400
    at u (https://www.notion.so/_assets/ClientFramework-8e8bc6f0d19147af.js:7:32407)
    at async m (https://www.notion.so/_assets/ClientFramework-8e8bc6f0d19147af.js:7:34255)
    at async r (https://www.notion.so/_assets/app-625e76f73ddd08e8.js:1:159)
    at async l (https://www.notion.so/_assets/61315-61c21a3c9178b323.js:1:5814)
    at async Module.l (https://www.notion.so/_assets/32895-2a0f0dc1b8a28a95.js:1:4794) @ https://www.notion.so/_assets/76406-6b42df3763f56eeb.js:472
[36633409ms] [ERROR] Failed to load resource: the server responded with a status of 403 () @ https://www.notion.so/api/v3/getInferenceTranscriptsUnreadCount:0
[36633409ms] [ERROR] HttpRequestError: Received HTTP 403
    at u (https://www.notion.so/_assets/ClientFramework-8e8bc6f0d19147af.js:7:32407)
    at async m (https://www.notion.so/_assets/ClientFramework-8e8bc6f0d19147af.js:7:34255)
    at async r (https://www.notion.so/_assets/app-625e76f73ddd08e8.js:1:159)
    at async l (https://www.notion.so/_assets/61315-61c21a3c9178b323.js:1:5814)
    at async n (https://www.notion.so/_assets/61315-61c21a3c9178b323.js:1:1467)
    at async r (https://www.notion.so/_assets/24302-057f312893c05c30.js:1:305) @ https://www.notion.so/_assets/76406-6b42df3763f56eeb.js:472
[36633476ms] [INFO] 2026-04-29T02:06:07.393Z [info] ai.completionActions: maybeUpdateAIUsageEligibilityStoreV2Refreshing {data: Object} @ https://www.notion.so/_assets/76406-6b42df3763f56eeb.js:472
[36633476ms] [INFO] 2026-04-29T02:06:07.393Z [info] ai.completionActions: maybeUpdateAIUsageEligibilityStoreV2Refreshing {data: Object} @ https://www.notion.so/_assets/76406-6b42df3763f56eeb.js:472
[36933397ms] [INFO] 2026-04-29T02:11:07.313Z [error] UserActorMembership: NecessaryRecordWasNotProvided {error: Object, data: Object} @ https://www.notion.so/_assets/76406-6b42df3763f56eeb.js:472
[75694597ms] [ERROR] Failed to load resource: the server responded with a status of 403 () @ https://www.notion.so/api/v3/getInferenceTranscriptsUnreadCount:0
[75694601ms] [ERROR] HttpRequestError: Received HTTP 403
    at u (https://www.notion.so/_assets/ClientFramework-8e8bc6f0d19147af.js:7:32407)
    at async m (https://www.notion.so/_assets/ClientFramework-8e8bc6f0d19147af.js:7:34255)
    at async r (https://www.notion.so/_assets/app-625e76f73ddd08e8.js:1:159)
    at async l (https://www.notion.so/_assets/61315-61c21a3c9178b323.js:1:5814)
    at async n (https://www.notion.so/_assets/61315-61c21a3c9178b323.js:1:1467)
    at async r (https://www.notion.so/_assets/24302-057f312893c05c30.js:1:305) @ https://www.notion.so/_assets/76406-6b42df3763f56eeb.js:472
