[     105ms] [WARNING] Mixed Content: The page at 'https://manager.myrealtrip.com/crm/partner/110994' was loaded over HTTPS, but requested an insecure element 'http://dffoxz5he03rp.cloudfront.net/icons/logo_mrt_v2_web.svg'. This request was automatically upgraded to HTTPS, For more information see https://blog.chromium.org/2019/10/no-more-mixed-messages-about-https.html @ https://manager.myrealtrip.com/crm/partner/110994:0
[     128ms] [WARNING] Mixed Content: The page at 'https://manager.myrealtrip.com/crm/partner/110994' was loaded over HTTPS, but requested an insecure element 'http://dffoxz5he03rp.cloudfront.net/icons/logo_mrt_v2_web.svg'. This request was automatically upgraded to HTTPS, For more information see https://blog.chromium.org/2019/10/no-more-mixed-messages-about-https.html @ https://manager.myrealtrip.com/crm/partner/110994:0
[     135ms] [ERROR] Failed to load resource: the server responded with a status of 403 () @ https://api.manager-user.myrealtrip.net/api/v1/security/accessible/manager-menu:0
[     147ms] [WARNING] Google Maps JavaScript API has been loaded directly without loading=async. This can result in suboptimal performance. For best-practice loading patterns please see https://goo.gle/js-api-loading @ https://maps.googleapis.com/maps/api/js?key=AIzaSyBt57Q2gXP1BbvXLP5EcMba8n1rqrM-IWw&libraries=places:1526
[  280035ms] [WARNING] Mixed Content: The page at 'https://manager.myrealtrip.com/crm/partner/119275' was loaded over HTTPS, but requested an insecure element 'http://dffoxz5he03rp.cloudfront.net/icons/logo_mrt_v2_web.svg'. This request was automatically upgraded to HTTPS, For more information see https://blog.chromium.org/2019/10/no-more-mixed-messages-about-https.html @ https://manager.myrealtrip.com/crm/partner/119275:0
[  280058ms] [WARNING] Mixed Content: The page at 'https://manager.myrealtrip.com/crm/partner/119275' was loaded over HTTPS, but requested an insecure element 'http://dffoxz5he03rp.cloudfront.net/icons/logo_mrt_v2_web.svg'. This request was automatically upgraded to HTTPS, For more information see https://blog.chromium.org/2019/10/no-more-mixed-messages-about-https.html @ https://manager.myrealtrip.com/crm/partner/119275:0
[  280069ms] [WARNING] Google Maps JavaScript API has been loaded directly without loading=async. This can result in suboptimal performance. For best-practice loading patterns please see https://goo.gle/js-api-loading @ https://maps.googleapis.com/maps/api/js?key=AIzaSyBt57Q2gXP1BbvXLP5EcMba8n1rqrM-IWw&libraries=places:1526
[  280094ms] [ERROR] Failed to load resource: the server responded with a status of 403 () @ https://api.manager-user.myrealtrip.net/api/v1/security/accessible/manager-menu:0
[ 1251291ms] [WARNING] Failed to execute 'postMessage' on 'DOMWindow': The target origin provided ('https://www.google.com') does not match the recipient window's origin ('https://manager.myrealtrip.com'). @ https://www.googletagmanager.com/gtag/js?id=AW-1004447359:777
[ 1251291ms] [WARNING] Failed to execute 'postMessage' on 'DOMWindow': The target origin provided ('https://www.youtube.com') does not match the recipient window's origin ('https://manager.myrealtrip.com'). @ https://www.googletagmanager.com/gtag/js?id=AW-1004447359:777
[ 1251291ms] [WARNING] Failed to execute 'postMessage' on 'DOMWindow': The target origin provided ('https://m.youtube.com') does not match the recipient window's origin ('https://manager.myrealtrip.com'). @ https://www.googletagmanager.com/gtag/js?id=AW-1004447359:777
[ 1276493ms] [WARNING] Failed to execute 'postMessage' on 'DOMWindow': The target origin provided ('https://www.google.com') does not match the recipient window's origin ('https://manager.myrealtrip.com'). @ https://www.googletagmanager.com/gtag/js?id=AW-804087520:777
[ 1276493ms] [WARNING] Failed to execute 'postMessage' on 'DOMWindow': The target origin provided ('https://www.youtube.com') does not match the recipient window's origin ('https://manager.myrealtrip.com'). @ https://www.googletagmanager.com/gtag/js?id=AW-804087520:777
[ 1276493ms] [WARNING] Failed to execute 'postMessage' on 'DOMWindow': The target origin provided ('https://m.youtube.com') does not match the recipient window's origin ('https://manager.myrealtrip.com'). @ https://www.googletagmanager.com/gtag/js?id=AW-804087520:777
[ 1282284ms] [WARNING] Failed to execute 'postMessage' on 'DOMWindow': The target origin provided ('https://www.google.com') does not match the recipient window's origin ('https://manager.myrealtrip.com'). @ https://www.googletagmanager.com/gtag/js?id=AW-1004447359:777
[ 1282285ms] [WARNING] Failed to execute 'postMessage' on 'DOMWindow': The target origin provided ('https://www.youtube.com') does not match the recipient window's origin ('https://manager.myrealtrip.com'). @ https://www.googletagmanager.com/gtag/js?id=AW-1004447359:777
[ 1282285ms] [WARNING] Failed to execute 'postMessage' on 'DOMWindow': The target origin provided ('https://m.youtube.com') does not match the recipient window's origin ('https://manager.myrealtrip.com'). @ https://www.googletagmanager.com/gtag/js?id=AW-1004447359:777
[ 1287516ms] [WARNING] Failed to execute 'postMessage' on 'DOMWindow': The target origin provided ('https://www.google.com') does not match the recipient window's origin ('https://manager.myrealtrip.com'). @ https://www.googletagmanager.com/gtag/js?id=AW-1004447359:777
[ 1287516ms] [WARNING] Failed to execute 'postMessage' on 'DOMWindow': The target origin provided ('https://www.youtube.com') does not match the recipient window's origin ('https://manager.myrealtrip.com'). @ https://www.googletagmanager.com/gtag/js?id=AW-1004447359:777
[ 1287516ms] [WARNING] Failed to execute 'postMessage' on 'DOMWindow': The target origin provided ('https://m.youtube.com') does not match the recipient window's origin ('https://manager.myrealtrip.com'). @ https://www.googletagmanager.com/gtag/js?id=AW-1004447359:777
[ 1292925ms] [WARNING] Failed to execute 'postMessage' on 'DOMWindow': The target origin provided ('https://www.google.com') does not match the recipient window's origin ('https://manager.myrealtrip.com'). @ https://www.googletagmanager.com/gtag/js?id=AW-1004447359:777
[ 1292926ms] [WARNING] Failed to execute 'postMessage' on 'DOMWindow': The target origin provided ('https://www.youtube.com') does not match the recipient window's origin ('https://manager.myrealtrip.com'). @ https://www.googletagmanager.com/gtag/js?id=AW-1004447359:777
[ 1292926ms] [WARNING] Failed to execute 'postMessage' on 'DOMWindow': The target origin provided ('https://m.youtube.com') does not match the recipient window's origin ('https://manager.myrealtrip.com'). @ https://www.googletagmanager.com/gtag/js?id=AW-1004447359:777
[ 1299907ms] [WARNING] Failed to execute 'postMessage' on 'DOMWindow': The target origin provided ('https://www.google.com') does not match the recipient window's origin ('https://manager.myrealtrip.com'). @ https://www.googletagmanager.com/gtag/js?id=AW-1004447359:777
[ 1299907ms] [WARNING] Failed to execute 'postMessage' on 'DOMWindow': The target origin provided ('https://www.youtube.com') does not match the recipient window's origin ('https://manager.myrealtrip.com'). @ https://www.googletagmanager.com/gtag/js?id=AW-1004447359:777
[ 1299907ms] [WARNING] Failed to execute 'postMessage' on 'DOMWindow': The target origin provided ('https://m.youtube.com') does not match the recipient window's origin ('https://manager.myrealtrip.com'). @ https://www.googletagmanager.com/gtag/js?id=AW-1004447359:777
[ 1307233ms] [WARNING] Failed to execute 'postMessage' on 'DOMWindow': The target origin provided ('https://www.google.com') does not match the recipient window's origin ('https://manager.myrealtrip.com'). @ https://www.googletagmanager.com/gtag/js?id=AW-1004447359:777
[ 1307233ms] [WARNING] Failed to execute 'postMessage' on 'DOMWindow': The target origin provided ('https://www.youtube.com') does not match the recipient window's origin ('https://manager.myrealtrip.com'). @ https://www.googletagmanager.com/gtag/js?id=AW-1004447359:777
[ 1307233ms] [WARNING] Failed to execute 'postMessage' on 'DOMWindow': The target origin provided ('https://m.youtube.com') does not match the recipient window's origin ('https://manager.myrealtrip.com'). @ https://www.googletagmanager.com/gtag/js?id=AW-1004447359:777
[ 1313160ms] [WARNING] Failed to execute 'postMessage' on 'DOMWindow': The target origin provided ('https://www.google.com') does not match the recipient window's origin ('https://manager.myrealtrip.com'). @ https://www.googletagmanager.com/gtag/js?id=AW-1004447359:777
[ 1313160ms] [WARNING] Failed to execute 'postMessage' on 'DOMWindow': The target origin provided ('https://www.youtube.com') does not match the recipient window's origin ('https://manager.myrealtrip.com'). @ https://www.googletagmanager.com/gtag/js?id=AW-1004447359:777
[ 1313160ms] [WARNING] Failed to execute 'postMessage' on 'DOMWindow': The target origin provided ('https://m.youtube.com') does not match the recipient window's origin ('https://manager.myrealtrip.com'). @ https://www.googletagmanager.com/gtag/js?id=AW-1004447359:777
[ 1319763ms] [WARNING] Failed to execute 'postMessage' on 'DOMWindow': The target origin provided ('https://www.google.com') does not match the recipient window's origin ('https://manager.myrealtrip.com'). @ https://www.googletagmanager.com/gtag/js?id=AW-1004447359:777
[ 1319763ms] [WARNING] Failed to execute 'postMessage' on 'DOMWindow': The target origin provided ('https://www.youtube.com') does not match the recipient window's origin ('https://manager.myrealtrip.com'). @ https://www.googletagmanager.com/gtag/js?id=AW-1004447359:777
[ 1319763ms] [WARNING] Failed to execute 'postMessage' on 'DOMWindow': The target origin provided ('https://m.youtube.com') does not match the recipient window's origin ('https://manager.myrealtrip.com'). @ https://www.googletagmanager.com/gtag/js?id=AW-1004447359:777
[ 1325328ms] [WARNING] Failed to execute 'postMessage' on 'DOMWindow': The target origin provided ('https://www.google.com') does not match the recipient window's origin ('https://manager.myrealtrip.com'). @ https://www.googletagmanager.com/gtag/js?id=AW-1004447359:777
[ 1325328ms] [WARNING] Failed to execute 'postMessage' on 'DOMWindow': The target origin provided ('https://www.youtube.com') does not match the recipient window's origin ('https://manager.myrealtrip.com'). @ https://www.googletagmanager.com/gtag/js?id=AW-1004447359:777
[ 1325328ms] [WARNING] Failed to execute 'postMessage' on 'DOMWindow': The target origin provided ('https://m.youtube.com') does not match the recipient window's origin ('https://manager.myrealtrip.com'). @ https://www.googletagmanager.com/gtag/js?id=AW-1004447359:777
[ 1329417ms] [WARNING] Failed to execute 'postMessage' on 'DOMWindow': The target origin provided ('https://www.google.com') does not match the recipient window's origin ('https://manager.myrealtrip.com'). @ https://www.googletagmanager.com/gtag/js?id=AW-1004447359:777
[ 1329417ms] [WARNING] Failed to execute 'postMessage' on 'DOMWindow': The target origin provided ('https://www.youtube.com') does not match the recipient window's origin ('https://manager.myrealtrip.com'). @ https://www.googletagmanager.com/gtag/js?id=AW-1004447359:777
[ 1329417ms] [WARNING] Failed to execute 'postMessage' on 'DOMWindow': The target origin provided ('https://m.youtube.com') does not match the recipient window's origin ('https://manager.myrealtrip.com'). @ https://www.googletagmanager.com/gtag/js?id=AW-1004447359:777
[ 1334203ms] [WARNING] Failed to execute 'postMessage' on 'DOMWindow': The target origin provided ('https://www.google.com') does not match the recipient window's origin ('https://manager.myrealtrip.com'). @ https://www.googletagmanager.com/gtag/js?id=AW-804087520:777
[ 1334203ms] [WARNING] Failed to execute 'postMessage' on 'DOMWindow': The target origin provided ('https://www.youtube.com') does not match the recipient window's origin ('https://manager.myrealtrip.com'). @ https://www.googletagmanager.com/gtag/js?id=AW-804087520:777
[ 1334203ms] [WARNING] Failed to execute 'postMessage' on 'DOMWindow': The target origin provided ('https://m.youtube.com') does not match the recipient window's origin ('https://manager.myrealtrip.com'). @ https://www.googletagmanager.com/gtag/js?id=AW-804087520:777
[ 1338708ms] [WARNING] Failed to execute 'postMessage' on 'DOMWindow': The target origin provided ('https://www.google.com') does not match the recipient window's origin ('https://manager.myrealtrip.com'). @ https://www.googletagmanager.com/gtag/js?id=AW-1004447359:777
[ 1338708ms] [WARNING] Failed to execute 'postMessage' on 'DOMWindow': The target origin provided ('https://www.youtube.com') does not match the recipient window's origin ('https://manager.myrealtrip.com'). @ https://www.googletagmanager.com/gtag/js?id=AW-1004447359:777
[ 1338708ms] [WARNING] Failed to execute 'postMessage' on 'DOMWindow': The target origin provided ('https://m.youtube.com') does not match the recipient window's origin ('https://manager.myrealtrip.com'). @ https://www.googletagmanager.com/gtag/js?id=AW-1004447359:777
