[     461ms] [ERROR] Failed to load resource: net::ERR_FAILED @ chrome-extension://invalid/:0
[    2095ms] [WARNING] An iframe which has both allow-scripts and allow-same-origin for its sandbox attribute can escape its sandboxing. @ https://docs.google.com/drivesharing/clientmodel?id=1XiTZD-ywUAgW-lJXFa0R0KoZMjW_m-2ytAhl7iwTbC8&foreignService=ritz&authuser=0&origin=https%3A%2F%2Fdocs.google.com:0
[    2536ms] [ERROR] Failed to load resource: net::ERR_FAILED @ chrome-extension://invalid/:0
[    2608ms] [ERROR] Failed to load resource: net::ERR_FAILED @ chrome-extension://invalid/:0
[    2659ms] [ERROR] Failed to load resource: net::ERR_FAILED @ chrome-extension://invalid/:0
[    2707ms] [ERROR] Failed to load resource: net::ERR_FAILED @ chrome-extension://invalid/:0
[   13795ms] [ERROR] Failed to load resource: the server responded with a status of 404 () @ https://docs.google.com/spreadsheets/d/1XiTZD-ywUAgW-lJXFa0R0KoZMjW_m-2ytAhl7iwTbC8/values/%EB%A7%88%EC%9D%B4%EB%A7%81%ED%81%AC%20%ED%98%84%ED%99%A9!E84:E86:0
[ 1821026ms] [ERROR] Access to fetch at 'https://myrealt.rip/ZMW5da' from origin 'https://docs.google.com' has been blocked by CORS policy: No 'Access-Control-Allow-Origin' header is present on the requested resource. @ https://docs.google.com/spreadsheets/d/1XiTZD-ywUAgW-lJXFa0R0KoZMjW_m-2ytAhl7iwTbC8/edit?gid=428460849#gid=428460849:0
[ 1821026ms] [ERROR] Failed to load resource: net::ERR_FAILED @ https://myrealt.rip/ZMW5da:0
[ 1821048ms] [ERROR] Access to fetch at 'https://myrealt.rip/ZMW64f' from origin 'https://docs.google.com' has been blocked by CORS policy: No 'Access-Control-Allow-Origin' header is present on the requested resource. @ https://docs.google.com/spreadsheets/d/1XiTZD-ywUAgW-lJXFa0R0KoZMjW_m-2ytAhl7iwTbC8/edit?gid=428460849#gid=428460849:0
[ 1821048ms] [ERROR] Failed to load resource: net::ERR_FAILED @ https://myrealt.rip/ZMW64f:0
[ 1821060ms] [ERROR] Access to fetch at 'https://myrealt.rip/ZMW739' from origin 'https://docs.google.com' has been blocked by CORS policy: No 'Access-Control-Allow-Origin' header is present on the requested resource. @ https://docs.google.com/spreadsheets/d/1XiTZD-ywUAgW-lJXFa0R0KoZMjW_m-2ytAhl7iwTbC8/edit?gid=428460849#gid=428460849:0
[ 1821060ms] [ERROR] Failed to load resource: net::ERR_FAILED @ https://myrealt.rip/ZMW739:0
[ 1821078ms] [ERROR] Access to fetch at 'https://myrealt.rip/ZMW8da' from origin 'https://docs.google.com' has been blocked by CORS policy: No 'Access-Control-Allow-Origin' header is present on the requested resource. @ https://docs.google.com/spreadsheets/d/1XiTZD-ywUAgW-lJXFa0R0KoZMjW_m-2ytAhl7iwTbC8/edit?gid=428460849#gid=428460849:0
[ 1821078ms] [ERROR] Failed to load resource: net::ERR_FAILED @ https://myrealt.rip/ZMW8da:0
[ 1821093ms] [ERROR] Access to fetch at 'https://myrealt.rip/ZMW923' from origin 'https://docs.google.com' has been blocked by CORS policy: No 'Access-Control-Allow-Origin' header is present on the requested resource. @ https://docs.google.com/spreadsheets/d/1XiTZD-ywUAgW-lJXFa0R0KoZMjW_m-2ytAhl7iwTbC8/edit?gid=428460849#gid=428460849:0
[ 1821093ms] [ERROR] Failed to load resource: net::ERR_FAILED @ https://myrealt.rip/ZMW923:0
[ 1821117ms] [ERROR] Access to fetch at 'https://myrealt.rip/ZMWA2f' from origin 'https://docs.google.com' has been blocked by CORS policy: No 'Access-Control-Allow-Origin' header is present on the requested resource. @ https://docs.google.com/spreadsheets/d/1XiTZD-ywUAgW-lJXFa0R0KoZMjW_m-2ytAhl7iwTbC8/edit?gid=428460849#gid=428460849:0
[ 1821117ms] [ERROR] Failed to load resource: net::ERR_FAILED @ https://myrealt.rip/ZMWA2f:0
[ 1821131ms] [ERROR] Access to fetch at 'https://myrealt.rip/ZMXd12' from origin 'https://docs.google.com' has been blocked by CORS policy: No 'Access-Control-Allow-Origin' header is present on the requested resource. @ https://docs.google.com/spreadsheets/d/1XiTZD-ywUAgW-lJXFa0R0KoZMjW_m-2ytAhl7iwTbC8/edit?gid=428460849#gid=428460849:0
[ 1821131ms] [ERROR] Failed to load resource: net::ERR_FAILED @ https://myrealt.rip/ZMXd12:0
[ 1821147ms] [ERROR] Access to fetch at 'https://myrealt.rip/ZMXf48' from origin 'https://docs.google.com' has been blocked by CORS policy: No 'Access-Control-Allow-Origin' header is present on the requested resource. @ https://docs.google.com/spreadsheets/d/1XiTZD-ywUAgW-lJXFa0R0KoZMjW_m-2ytAhl7iwTbC8/edit?gid=428460849#gid=428460849:0
[ 1821148ms] [ERROR] Failed to load resource: net::ERR_FAILED @ https://myrealt.rip/ZMXf48:0
[ 1821160ms] [ERROR] Access to fetch at 'https://myrealt.rip/ZMXh15' from origin 'https://docs.google.com' has been blocked by CORS policy: No 'Access-Control-Allow-Origin' header is present on the requested resource. @ https://docs.google.com/spreadsheets/d/1XiTZD-ywUAgW-lJXFa0R0KoZMjW_m-2ytAhl7iwTbC8/edit?gid=428460849#gid=428460849:0
[ 1821160ms] [ERROR] Failed to load resource: net::ERR_FAILED @ https://myrealt.rip/ZMXh15:0
[ 1821178ms] [ERROR] Access to fetch at 'https://myrealt.rip/ZMXi19' from origin 'https://docs.google.com' has been blocked by CORS policy: No 'Access-Control-Allow-Origin' header is present on the requested resource. @ https://docs.google.com/spreadsheets/d/1XiTZD-ywUAgW-lJXFa0R0KoZMjW_m-2ytAhl7iwTbC8/edit?gid=428460849#gid=428460849:0
[ 1821178ms] [ERROR] Failed to load resource: net::ERR_FAILED @ https://myrealt.rip/ZMXi19:0
[ 1821193ms] [ERROR] Access to fetch at 'https://myrealt.rip/ZMZBcd' from origin 'https://docs.google.com' has been blocked by CORS policy: No 'Access-Control-Allow-Origin' header is present on the requested resource. @ https://docs.google.com/spreadsheets/d/1XiTZD-ywUAgW-lJXFa0R0KoZMjW_m-2ytAhl7iwTbC8/edit?gid=428460849#gid=428460849:0
[ 1821193ms] [ERROR] Failed to load resource: net::ERR_FAILED @ https://myrealt.rip/ZMZBcd:0
[ 1821210ms] [ERROR] Access to fetch at 'https://myrealt.rip/ZMYFeb' from origin 'https://docs.google.com' has been blocked by CORS policy: No 'Access-Control-Allow-Origin' header is present on the requested resource. @ https://docs.google.com/spreadsheets/d/1XiTZD-ywUAgW-lJXFa0R0KoZMjW_m-2ytAhl7iwTbC8/edit?gid=428460849#gid=428460849:0
[ 1821210ms] [ERROR] Failed to load resource: net::ERR_FAILED @ https://myrealt.rip/ZMYFeb:0
[ 1821222ms] [ERROR] Access to fetch at 'https://myrealt.rip/ZMYGb1' from origin 'https://docs.google.com' has been blocked by CORS policy: No 'Access-Control-Allow-Origin' header is present on the requested resource. @ https://docs.google.com/spreadsheets/d/1XiTZD-ywUAgW-lJXFa0R0KoZMjW_m-2ytAhl7iwTbC8/edit?gid=428460849#gid=428460849:0
[ 1821222ms] [ERROR] Failed to load resource: net::ERR_FAILED @ https://myrealt.rip/ZMYGb1:0
