[     266ms] Uncaught Error: Minified React error #425; visit https://reactjs.org/docs/error-decoder.html?invariant=425 for the full message or use the non-minified dev environment for full errors and additional helpful warnings.
    at s (https://d3f1g377pcunjx.cloudfront.net/_next/static/chunks/main-70424c7b393abfed.js:0:49316)
    at l (https://d3f1g377pcunjx.cloudfront.net/_next/static/chunks/main-70424c7b393abfed.js:0:91055)
    at <anonymous> (https://d3f1g377pcunjx.cloudfront.net/_next/static/chunks/framework-3956b1a287859be8.js:0:111525)
    at oD (https://d3f1g377pcunjx.cloudfront.net/_next/static/chunks/framework-3956b1a287859be8.js:0:111705)
    at ow (https://d3f1g377pcunjx.cloudfront.net/_next/static/chunks/framework-3956b1a287859be8.js:0:95112)
    at x (https://d3f1g377pcunjx.cloudfront.net/_next/static/chunks/framework-3956b1a287859be8.js:0:137412)
    at T (https://d3f1g377pcunjx.cloudfront.net/_next/static/chunks/framework-3956b1a287859be8.js:0:137942)
[     266ms] Uncaught Error: Minified React error #425; visit https://reactjs.org/docs/error-decoder.html?invariant=425 for the full message or use the non-minified dev environment for full errors and additional helpful warnings.
    at s (https://d3f1g377pcunjx.cloudfront.net/_next/static/chunks/main-70424c7b393abfed.js:0:49316)
    at l (https://d3f1g377pcunjx.cloudfront.net/_next/static/chunks/main-70424c7b393abfed.js:0:91055)
    at <anonymous> (https://d3f1g377pcunjx.cloudfront.net/_next/static/chunks/framework-3956b1a287859be8.js:0:111525)
    at oD (https://d3f1g377pcunjx.cloudfront.net/_next/static/chunks/framework-3956b1a287859be8.js:0:111705)
    at ow (https://d3f1g377pcunjx.cloudfront.net/_next/static/chunks/framework-3956b1a287859be8.js:0:95112)
    at x (https://d3f1g377pcunjx.cloudfront.net/_next/static/chunks/framework-3956b1a287859be8.js:0:137412)
    at T (https://d3f1g377pcunjx.cloudfront.net/_next/static/chunks/framework-3956b1a287859be8.js:0:137942)
[     266ms] Uncaught Error: Minified React error #418; visit https://reactjs.org/docs/error-decoder.html?invariant=418 for the full message or use the non-minified dev environment for full errors and additional helpful warnings.
    at s (https://d3f1g377pcunjx.cloudfront.net/_next/static/chunks/main-70424c7b393abfed.js:0:49316)
    at l (https://d3f1g377pcunjx.cloudfront.net/_next/static/chunks/main-70424c7b393abfed.js:0:91055)
    at <anonymous> (https://d3f1g377pcunjx.cloudfront.net/_next/static/chunks/framework-3956b1a287859be8.js:0:111525)
    at oD (https://d3f1g377pcunjx.cloudfront.net/_next/static/chunks/framework-3956b1a287859be8.js:0:111705)
    at ow (https://d3f1g377pcunjx.cloudfront.net/_next/static/chunks/framework-3956b1a287859be8.js:0:95112)
    at x (https://d3f1g377pcunjx.cloudfront.net/_next/static/chunks/framework-3956b1a287859be8.js:0:137412)
    at T (https://d3f1g377pcunjx.cloudfront.net/_next/static/chunks/framework-3956b1a287859be8.js:0:137942)
[     266ms] Uncaught Error: Minified React error #418; visit https://reactjs.org/docs/error-decoder.html?invariant=418 for the full message or use the non-minified dev environment for full errors and additional helpful warnings.
    at s (https://d3f1g377pcunjx.cloudfront.net/_next/static/chunks/main-70424c7b393abfed.js:0:49316)
    at l (https://d3f1g377pcunjx.cloudfront.net/_next/static/chunks/main-70424c7b393abfed.js:0:91055)
    at <anonymous> (https://d3f1g377pcunjx.cloudfront.net/_next/static/chunks/framework-3956b1a287859be8.js:0:111525)
    at oD (https://d3f1g377pcunjx.cloudfront.net/_next/static/chunks/framework-3956b1a287859be8.js:0:111705)
    at ow (https://d3f1g377pcunjx.cloudfront.net/_next/static/chunks/framework-3956b1a287859be8.js:0:95112)
    at x (https://d3f1g377pcunjx.cloudfront.net/_next/static/chunks/framework-3956b1a287859be8.js:0:137412)
    at T (https://d3f1g377pcunjx.cloudfront.net/_next/static/chunks/framework-3956b1a287859be8.js:0:137942)
[     266ms] Uncaught Error: Minified React error #418; visit https://reactjs.org/docs/error-decoder.html?invariant=418 for the full message or use the non-minified dev environment for full errors and additional helpful warnings.
    at s (https://d3f1g377pcunjx.cloudfront.net/_next/static/chunks/main-70424c7b393abfed.js:0:49316)
    at l (https://d3f1g377pcunjx.cloudfront.net/_next/static/chunks/main-70424c7b393abfed.js:0:91055)
    at <anonymous> (https://d3f1g377pcunjx.cloudfront.net/_next/static/chunks/framework-3956b1a287859be8.js:0:111525)
    at oD (https://d3f1g377pcunjx.cloudfront.net/_next/static/chunks/framework-3956b1a287859be8.js:0:111705)
    at ow (https://d3f1g377pcunjx.cloudfront.net/_next/static/chunks/framework-3956b1a287859be8.js:0:95112)
    at x (https://d3f1g377pcunjx.cloudfront.net/_next/static/chunks/framework-3956b1a287859be8.js:0:137412)
    at T (https://d3f1g377pcunjx.cloudfront.net/_next/static/chunks/framework-3956b1a287859be8.js:0:137942)
[     266ms] Uncaught Error: Minified React error #418; visit https://reactjs.org/docs/error-decoder.html?invariant=418 for the full message or use the non-minified dev environment for full errors and additional helpful warnings.
    at s (https://d3f1g377pcunjx.cloudfront.net/_next/static/chunks/main-70424c7b393abfed.js:0:49316)
    at l (https://d3f1g377pcunjx.cloudfront.net/_next/static/chunks/main-70424c7b393abfed.js:0:91055)
    at <anonymous> (https://d3f1g377pcunjx.cloudfront.net/_next/static/chunks/framework-3956b1a287859be8.js:0:111525)
    at oD (https://d3f1g377pcunjx.cloudfront.net/_next/static/chunks/framework-3956b1a287859be8.js:0:111705)
    at ow (https://d3f1g377pcunjx.cloudfront.net/_next/static/chunks/framework-3956b1a287859be8.js:0:95112)
    at x (https://d3f1g377pcunjx.cloudfront.net/_next/static/chunks/framework-3956b1a287859be8.js:0:137412)
    at T (https://d3f1g377pcunjx.cloudfront.net/_next/static/chunks/framework-3956b1a287859be8.js:0:137942)
[     266ms] Uncaught Error: Minified React error #418; visit https://reactjs.org/docs/error-decoder.html?invariant=418 for the full message or use the non-minified dev environment for full errors and additional helpful warnings.
    at s (https://d3f1g377pcunjx.cloudfront.net/_next/static/chunks/main-70424c7b393abfed.js:0:49316)
    at l (https://d3f1g377pcunjx.cloudfront.net/_next/static/chunks/main-70424c7b393abfed.js:0:91055)
    at <anonymous> (https://d3f1g377pcunjx.cloudfront.net/_next/static/chunks/framework-3956b1a287859be8.js:0:111525)
    at oD (https://d3f1g377pcunjx.cloudfront.net/_next/static/chunks/framework-3956b1a287859be8.js:0:111705)
    at ow (https://d3f1g377pcunjx.cloudfront.net/_next/static/chunks/framework-3956b1a287859be8.js:0:95112)
    at x (https://d3f1g377pcunjx.cloudfront.net/_next/static/chunks/framework-3956b1a287859be8.js:0:137412)
    at T (https://d3f1g377pcunjx.cloudfront.net/_next/static/chunks/framework-3956b1a287859be8.js:0:137942)
[     266ms] Uncaught Error: Minified React error #423; visit https://reactjs.org/docs/error-decoder.html?invariant=423 for the full message or use the non-minified dev environment for full errors and additional helpful warnings.
    at s (https://d3f1g377pcunjx.cloudfront.net/_next/static/chunks/main-70424c7b393abfed.js:0:49316)
    at l (https://d3f1g377pcunjx.cloudfront.net/_next/static/chunks/main-70424c7b393abfed.js:0:91055)
    at <anonymous> (https://d3f1g377pcunjx.cloudfront.net/_next/static/chunks/framework-3956b1a287859be8.js:0:111525)
    at oD (https://d3f1g377pcunjx.cloudfront.net/_next/static/chunks/framework-3956b1a287859be8.js:0:111705)
    at ow (https://d3f1g377pcunjx.cloudfront.net/_next/static/chunks/framework-3956b1a287859be8.js:0:95112)
    at x (https://d3f1g377pcunjx.cloudfront.net/_next/static/chunks/framework-3956b1a287859be8.js:0:137412)
    at T (https://d3f1g377pcunjx.cloudfront.net/_next/static/chunks/framework-3956b1a287859be8.js:0:137942)
