[    1656ms] [LOG] ko 50 @ https://d2yoing0loi5gh.cloudfront.net/assets/kitty/ko-3689a3597975099a491fe1bc8d5baa2991b4bab88109a04b99b972d6f63e90c5.js:1
[    1731ms] [WARNING] Google Maps JavaScript API has been loaded directly without loading=async. This can result in suboptimal performance. For best-practice loading patterns please see https://goo.gle/js-api-loading @ https://dffoxz5he03rp.cloudfront.net/build/production/a56b55a27577b0789e0cdf61b856cef5898625b4/vendor.js:8589
[    1737ms] [LOG]   
                                              _   _            _     
                                         //  | | | |          (_)     
    _ __ ___    _   _   _ __    ___    __ _  | | | |_   _ __   _   _ __     
   | '_ ` _ \  | | | | | '__|  / _ \  / _` | | | | __| | '__| | | | '_ \     
   | | | | | | | |_| | | |    |  __/ | (_| | | | | |_  | |    | | | |_) |     
   |_| |_| |_|  \__, | |_|     \___|  \__,_| |_|  \__| |_|    |_| | .__/     
                 __/ |                                            | |     
                |___/           //                                |_|     
  
  
  	%cWe're hiring!🦄  %cJoin %cOur %cTeam!🍕🍺 https://career.myrealtrip.com/ color:#51abf3;font-size:11px; color:#f53e05;font-size:11px; color:#ffaa00;font-size:11px; color:#2eb82e;font-size:11px; @ https://dffoxz5he03rp.cloudfront.net/build/production/a56b55a27577b0789e0cdf61b856cef5898625b4/vendor.js:8589
[    4035ms] [WARNING] <meta name="apple-mobile-web-app-capable" content="yes"> is deprecated. Please include <meta name="mobile-web-app-capable" content="yes"> @ https://www.myrealtrip.com/offers/105950?utm_source=mktpartner&mylink_id=335982:0
[   13772ms] [LOG] ko 50 @ https://d2yoing0loi5gh.cloudfront.net/assets/kitty/ko-3689a3597975099a491fe1bc8d5baa2991b4bab88109a04b99b972d6f63e90c5.js:1
[   13849ms] [WARNING] Google Maps JavaScript API has been loaded directly without loading=async. This can result in suboptimal performance. For best-practice loading patterns please see https://goo.gle/js-api-loading @ https://dffoxz5he03rp.cloudfront.net/build/production/a56b55a27577b0789e0cdf61b856cef5898625b4/vendor.js:8589
[   13854ms] [LOG]   
                                              _   _            _     
                                         //  | | | |          (_)     
    _ __ ___    _   _   _ __    ___    __ _  | | | |_   _ __   _   _ __     
   | '_ ` _ \  | | | | | '__|  / _ \  / _` | | | | __| | '__| | | | '_ \     
   | | | | | | | |_| | | |    |  __/ | (_| | | | | |_  | |    | | | |_) |     
   |_| |_| |_|  \__, | |_|     \___|  \__,_| |_|  \__| |_|    |_| | .__/     
                 __/ |                                            | |     
                |___/           //                                |_|     
  
  
  	%cWe're hiring!🦄  %cJoin %cOur %cTeam!🍕🍺 https://career.myrealtrip.com/ color:#51abf3;font-size:11px; color:#f53e05;font-size:11px; color:#ffaa00;font-size:11px; color:#2eb82e;font-size:11px; @ https://dffoxz5he03rp.cloudfront.net/build/production/a56b55a27577b0789e0cdf61b856cef5898625b4/vendor.js:8589
[   16773ms] [ERROR] Failed to load resource: the server responded with a status of 429 () @ https://o249654.ingest.us.sentry.io/api/4508215148609536/envelope/?sentry_key=f7811d4b584bcbe6a580d37882587952&sentry_version=7&sentry_client=sentry.javascript.nextjs%2F7.102.1:0
[   20499ms] [LOG] ko 50 @ https://d2yoing0loi5gh.cloudfront.net/assets/kitty/ko-3689a3597975099a491fe1bc8d5baa2991b4bab88109a04b99b972d6f63e90c5.js:1
[   20575ms] [WARNING] Google Maps JavaScript API has been loaded directly without loading=async. This can result in suboptimal performance. For best-practice loading patterns please see https://goo.gle/js-api-loading @ https://dffoxz5he03rp.cloudfront.net/build/production/a56b55a27577b0789e0cdf61b856cef5898625b4/vendor.js:8589
[   20581ms] [LOG]   
                                              _   _            _     
                                         //  | | | |          (_)     
    _ __ ___    _   _   _ __    ___    __ _  | | | |_   _ __   _   _ __     
   | '_ ` _ \  | | | | | '__|  / _ \  / _` | | | | __| | '__| | | | '_ \     
   | | | | | | | |_| | | |    |  __/ | (_| | | | | |_  | |    | | | |_) |     
   |_| |_| |_|  \__, | |_|     \___|  \__,_| |_|  \__| |_|    |_| | .__/     
                 __/ |                                            | |     
                |___/           //                                |_|     
  
  
  	%cWe're hiring!🦄  %cJoin %cOur %cTeam!🍕🍺 https://career.myrealtrip.com/ color:#51abf3;font-size:11px; color:#f53e05;font-size:11px; color:#ffaa00;font-size:11px; color:#2eb82e;font-size:11px; @ https://dffoxz5he03rp.cloudfront.net/build/production/a56b55a27577b0789e0cdf61b856cef5898625b4/vendor.js:8589
[   22881ms] [WARNING] <meta name="apple-mobile-web-app-capable" content="yes"> is deprecated. Please include <meta name="mobile-web-app-capable" content="yes"> @ https://www.myrealtrip.com/offers/148276:0
